#
# A fatal error has been detected by the Java Runtime Environment:
#
#  EXCEPTION_ACCESS_VIOLATION (0xc0000005) at pc=0x00007ffb5a6fa6a3, pid=5404, tid=1744
#
# JRE version:  (11.0.10+8) (build )
# Java VM: Java HotSpot(TM) 64-Bit Server VM (11.0.10+8-LTS-162, mixed mode, sharing, tiered, compressed oops, g1 gc, windows-amd64)
# Problematic frame:
# V  [jvm.dll+0x1ca6a3]
#
# No core dump will be written. Minidumps are not enabled by default on client versions of Windows
#
#

---------------  S U M M A R Y ------------

Command Line: c:\Users\kartik\.vscode\extensions\salesforce.salesforce-vscode-slds-1.4.7\lsp-0.0.12-executable.jar --PORT=58316

Host: Intel(R) Core(TM) i5-9300H CPU @ 2.40GHz, 8 cores, 7G,  Windows 10 , 64 bit Build 19041 (10.0.19041.1151)
Time: Thu Aug 26 10:18:45 2021 India Standard Time elapsed time: 0.017146 seconds (0d 0h 0m 0s)

---------------  T H R E A D  ---------------

Current thread (0x00000294c5386000):  JavaThread "Unknown thread" [_thread_in_vm, id=1744, stack(0x000000c950c00000,0x000000c950d00000)]

Stack: [0x000000c950c00000,0x000000c950d00000],  sp=0x000000c950cfeee0,  free space=1019k
Native frames: (J=compiled Java code, j=interpreted, Vv=VM code, C=native code)
V  [jvm.dll+0x1ca6a3]
V  [jvm.dll+0x1c88c3]
V  [jvm.dll+0x34c48b]
V  [jvm.dll+0x70d6b0]
V  [jvm.dll+0x3b584f]
V  [jvm.dll+0x3b7951]
C  [jli.dll+0x520b]
C  [ucrtbase.dll+0x21bb2]
C  [KERNEL32.DLL+0x17034]
C  [ntdll.dll+0x52651]


siginfo: EXCEPTION_ACCESS_VIOLATION (0xc0000005), reading address 0x0000000000000000


Registers:
RAX=0x0000243c0bd1ec60, RBX=0x0000000000000000, RCX=0x0000000000000000, RDX=0x0000000000000000
RSP=0x000000c950cfeee0, RBP=0x0000000000000000, RSI=0x00000294c5386000, RDI=0x0000000000000000
R8 =0x0000000000000000, R9 =0x0000000000000000, R10=0x0000000000000000, R11=0x000000c950cfec90
R12=0x0000000000000000, R13=0x00007ffb5aaf1b30, R14=0x00000294c51211e8, R15=0x000000c950cff938
RIP=0x00007ffb5a6fa6a3, EFLAGS=0x0000000000010256

Top of Stack: (sp=0x000000c950cfeee0)
0x000000c950cfeee0:   00000294c51279c0 00007ffbc5c43230
0x000000c950cfeef0:   000000c950cff938 00000294c51211e8
0x000000c950cfef00:   0000000000000000 000000c950cff110
0x000000c950cfef10:   000006fa2a0363c7 00007ffb5aaf1b30
0x000000c950cfef20:   0000000000000400 000000c950cff938
0x000000c950cfef30:   00000294c51211e8 00007ffb5aaf1b30
0x000000c950cfef40:   0000000000000000 00007ffbaeb60000
0x000000c950cfef50:   00007ffb5ad63990 0000000000000000
0x000000c950cfef60:   00007ffb5a6f8767 00007ffbc5c153dc
0x000000c950cfef70:   0000000000000000 00007ffb5ab6a3c3
0x000000c950cfef80:   0000243c0bd1ec60 00000294c51211e8
0x000000c950cfef90:   00007ffb00000000 00007ffb5aaf1b30
0x000000c950cfefa0:   00000294c5386000 000000c950cff0c0
0x000000c950cfefb0:   0000000000000000 00007ffb5a6f88c3
0x000000c950cfefc0:   00007ffbb4310000 00007ffbaeb6d0ac
0x000000c950cfefd0:   000000c950cff0c0 00000294c5386000 

Instructions: (pc=0x00007ffb5a6fa6a3)
0x00007ffb5a6fa683:   00 48 33 c4 48 89 84 24 a0 00 00 00 48 8b e9 48
0x00007ffb5a6fa693:   c7 c3 ff ff ff ff 0f 1f 80 00 00 00 00 48 ff c3
0x00007ffb5a6fa6a3:   80 3c 0b 00 75 f7 33 f6 c6 44 24 30 01 40 38 35
0x00007ffb5a6fa6b3:   73 07 86 00 74 17 40 38 35 c0 6d 85 00 75 0e 33 



---------------  P R O C E S S  ---------------

Threads class SMR info:
_java_thread_list=0x00000294c5121170, length=0, elements={
}

Java Threads: ( => current thread )

Other Threads:

[error occurred during error reporting (printing all threads), id 0xc0000005, EXCEPTION_ACCESS_VIOLATION (0xc0000005) at pc=0x00007ffb5ac4275d]

VM state:not at safepoint (not fully initialized)

VM Mutex/Monitor currently owned by a thread: None


[error occurred during error reporting (printing compressed oops mode), id 0xc0000005, EXCEPTION_ACCESS_VIOLATION (0xc0000005) at pc=0x00007ffb5ac58c07]

Deoptimization events (0 events):
No events

Classes redefined (0 events):
No events

Internal exceptions (0 events):
No events

Events (0 events):
No events


Dynamic libraries:
0x00007ff6698b0000 - 0x00007ff6698bf000 	C:\Program Files\Java\jdk-11.0.10\bin\java.exe
0x00007ffbc8030000 - 0x00007ffbc8225000 	C:\WINDOWS\SYSTEM32\ntdll.dll
0x00007ffbc7b10000 - 0x00007ffbc7bcd000 	C:\WINDOWS\System32\KERNEL32.DLL
0x00007ffbc5c10000 - 0x00007ffbc5ed9000 	C:\WINDOWS\System32\KERNELBASE.dll
0x00007ffbc58d0000 - 0x00007ffbc59d0000 	C:\WINDOWS\System32\ucrtbase.dll
0x00007ffbbadf0000 - 0x00007ffbbae05000 	C:\Program Files\Java\jdk-11.0.10\bin\VCRUNTIME140.dll
0x00007ffbb4370000 - 0x00007ffbb4388000 	C:\Program Files\Java\jdk-11.0.10\bin\jli.dll
0x00007ffbc70d0000 - 0x00007ffbc717c000 	C:\WINDOWS\System32\ADVAPI32.dll
0x00007ffbc6100000 - 0x00007ffbc619e000 	C:\WINDOWS\System32\msvcrt.dll
0x00007ffbc7030000 - 0x00007ffbc70cb000 	C:\WINDOWS\System32\sechost.dll
0x00007ffbc6a90000 - 0x00007ffbc6bba000 	C:\WINDOWS\System32\RPCRT4.dll
0x00007ffbc7bd0000 - 0x00007ffbc7d70000 	C:\WINDOWS\System32\USER32.dll
0x00007ffbc6060000 - 0x00007ffbc6082000 	C:\WINDOWS\System32\win32u.dll
0x00007ffbb1c10000 - 0x00007ffbb1eaa000 	C:\WINDOWS\WinSxS\amd64_microsoft.windows.common-controls_6595b64144ccf1df_6.0.19041.1110_none_60b5254171f9507e\COMCTL32.dll
0x00007ffbc60d0000 - 0x00007ffbc60fa000 	C:\WINDOWS\System32\GDI32.dll
0x00007ffbc57c0000 - 0x00007ffbc58cb000 	C:\WINDOWS\System32\gdi32full.dll
0x00007ffbc5fc0000 - 0x00007ffbc605d000 	C:\WINDOWS\System32\msvcp_win.dll
0x00007ffbbeeb0000 - 0x00007ffbbeeba000 	C:\WINDOWS\SYSTEM32\VERSION.dll
0x00007ffbc60a0000 - 0x00007ffbc60d0000 	C:\WINDOWS\System32\IMM32.DLL
0x00007ffb92810000 - 0x00007ffb928ab000 	C:\Program Files\Java\jdk-11.0.10\bin\msvcp140.dll
0x00007ffb5a530000 - 0x00007ffb5b02b000 	C:\Program Files\Java\jdk-11.0.10\bin\server\jvm.dll
0x00007ffbc6090000 - 0x00007ffbc6098000 	C:\WINDOWS\System32\PSAPI.DLL
0x00007ffbad860000 - 0x00007ffbad869000 	C:\WINDOWS\SYSTEM32\WSOCK32.dll
0x00007ffbb0060000 - 0x00007ffbb0087000 	C:\WINDOWS\SYSTEM32\WINMM.dll
0x00007ffbc6bc0000 - 0x00007ffbc6c2b000 	C:\WINDOWS\System32\WS2_32.dll
0x00007ffbc3ff0000 - 0x00007ffbc4002000 	C:\WINDOWS\SYSTEM32\kernel.appcore.dll
0x00007ffbc0ce0000 - 0x00007ffbc0cf0000 	C:\Program Files\Java\jdk-11.0.10\bin\verify.dll
0x00007ffbc3d10000 - 0x00007ffbc3ef4000 	C:\WINDOWS\SYSTEM32\DBGHELP.DLL
0x00007ffba8ff0000 - 0x00007ffba901c000 	C:\WINDOWS\SYSTEM32\dbgcore.DLL
0x00007ffbc5f30000 - 0x00007ffbc5fb3000 	C:\WINDOWS\System32\bcryptPrimitives.dll
0x00007ffbaeb60000 - 0x00007ffbaeb88000 	C:\Program Files\Java\jdk-11.0.10\bin\java.dll
0x00007ffbbe660000 - 0x00007ffbbe66a000 	C:\Program Files\Java\jdk-11.0.10\bin\jimage.dll
0x00007ffbb4310000 - 0x00007ffbb4326000 	C:\Program Files\Java\jdk-11.0.10\bin\zip.dll

dbghelp: loaded successfully - version: 4.0.5 - missing functions: none
symbol engine: initialized successfully - sym options: 0x614 - pdb path: .;C:\Program Files\Java\jdk-11.0.10\bin;C:\WINDOWS\SYSTEM32;C:\WINDOWS\WinSxS\amd64_microsoft.windows.common-controls_6595b64144ccf1df_6.0.19041.1110_none_60b5254171f9507e;C:\Program Files\Java\jdk-11.0.10\bin\server

VM Arguments:
java_command: c:\Users\kartik\.vscode\extensions\salesforce.salesforce-vscode-slds-1.4.7\lsp-0.0.12-executable.jar --PORT=58316
java_class_path (initial): c:\Users\kartik\.vscode\extensions\salesforce.salesforce-vscode-slds-1.4.7\lsp-0.0.12-executable.jar
Launcher Type: SUN_STANDARD

[Global flags]
     uint G1ConcRefinementThreads                  = 8                                         {product} {ergonomic}
    uintx GCDrainStackTargetSize                   = 64                                        {product} {ergonomic}
   size_t InitialHeapSize                          = 131792192                                 {product} {ergonomic}
   size_t MaxHeapSize                              = 2108675072                                {product} {ergonomic}
    uintx ReservedCodeCacheSize                    = 251658240                              {pd product} {ergonomic}
     bool SegmentedCodeCache                       = true                                      {product} {ergonomic}
     bool UseCompressedClassPointers               = true                                 {lp64_product} {ergonomic}
     bool UseCompressedOops                        = true                                 {lp64_product} {ergonomic}
     bool UseG1GC                                  = true                                      {product} {ergonomic}
     bool UseLargePagesIndividualAllocation        = false                                  {pd product} {ergonomic}

Logging:
Log output configuration:
 #0: stdout all=warning uptime,level,tags
 #1: stderr all=off uptime,level,tags

Environment Variables:
JAVA_HOME=C:\Program Files\Java\jdk-14.0.2
PATH=C:\Program Files\Common Files\Oracle\Java\javapath;C:\Windows\system32;C:\Windows;C:\Windows\System32\Wbem;C:\Windows\System32\WindowsPowerShell\v1.0\;C:\Windows\System32\OpenSSH\;C:\Program Files (x86)\NVIDIA Corporation\PhysX\Common;C:\Program Files\NVIDIA Corporation\NVIDIA NvDLISR;C:\Program Files\Java\jdk-14.0.2\bin;C:\Program Files\nodejs\;C:\WINDOWS\system32;C:\WINDOWS;C:\WINDOWS\System32\Wbem;C:\WINDOWS\System32\WindowsPowerShell\v1.0\;C:\WINDOWS\System32\OpenSSH\;C:\Users\kartik\AppData\Local\Programs\Python\Python38-32;C:\Users\kartik\AppData\Local\Programs\Python\Python38-32\Scripts;C:\Program Files\R\R-4.0.2\bin;C:\Program Files\Git\cmd;C:\Users\kartik\AppData\Local\Microsoft\WindowsApps;C:\Users\kartik\AppData\Local\Programs\Microsoft VS Code\bin;C:\Users\kartik\AppData\Roaming\npm;C:\Users\kartik\AppData\Local\Microsoft\WindowsApps;C:\Users\kartik\AppData\Local\Programs\Python\Python38-32;C:\Users\kartik\AppData\Local\Programs\Python\Python38-32\Scripts;C:\Program Files\R\R-4.0.2\bin;C:\Program Files\Salesforce CLI\bin;C:\Program Files\sfdx\bin;C:\Users\kartik\AppData\Local\GitHubDesktop\bin
USERNAME=kartik
OS=Windows_NT
PROCESSOR_IDENTIFIER=Intel64 Family 6 Model 158 Stepping 10, GenuineIntel



---------------  S Y S T E M  ---------------

OS: Windows 10 , 64 bit Build 19041 (10.0.19041.1151)

CPU:total 8 (initial active 8) 

Memory: 4k page, system-wide physical 8043M (448M free)
TotalPageFile size 14123M (AvailPageFile size 2584M)
current process WorkingSet (physical memory assigned to process): 8M, peak: 8M
current process commit charge ("private bytes"): 3M, peak: 3M

vm_info: Java HotSpot(TM) 64-Bit Server VM (11.0.10+8-LTS-162) for windows-amd64 JRE (11.0.10+8-LTS-162), built on Dec  8 2020 16:32:57 by "mach5one" with MS VC++ 15.9 (VS2017)

END.
