#
# A fatal error has been detected by the Java Runtime Environment:
#
#  EXCEPTION_ACCESS_VIOLATION (0xc0000005) at pc=0x00007ffb64f1a6a3, pid=24652, tid=23888
#
# JRE version:  (11.0.10+8) (build )
# Java VM: Java HotSpot(TM) 64-Bit Server VM (11.0.10+8-LTS-162, mixed mode, sharing, tiered, compressed oops, g1 gc, windows-amd64)
# Problematic frame:
# V  [jvm.dll+0x1ca6a3]
#
# No core dump will be written. Minidumps are not enabled by default on client versions of Windows
#
#

---------------  S U M M A R Y ------------

Command Line: c:\Users\kartik\.vscode\extensions\salesforce.salesforce-vscode-slds-1.4.7\lsp-0.0.12-executable.jar --PORT=61897

Host: Intel(R) Core(TM) i5-9300H CPU @ 2.40GHz, 8 cores, 7G,  Windows 10 , 64 bit Build 19041 (10.0.19041.1151)
Time: Tue Aug 24 16:54:14 2021 India Standard Time elapsed time: 0.020620 seconds (0d 0h 0m 0s)

---------------  T H R E A D  ---------------

Current thread (0x000002f86d797000):  JavaThread "Unknown thread" [_thread_in_vm, id=23888, stack(0x000000fbb9a00000,0x000000fbb9b00000)]

Stack: [0x000000fbb9a00000,0x000000fbb9b00000],  sp=0x000000fbb9afee10,  free space=1019k
Native frames: (J=compiled Java code, j=interpreted, Vv=VM code, C=native code)
V  [jvm.dll+0x1ca6a3]
V  [jvm.dll+0x1c88c3]
V  [jvm.dll+0x34c48b]
V  [jvm.dll+0x70d6b0]
V  [jvm.dll+0x3b584f]
V  [jvm.dll+0x3b7951]
C  [jli.dll+0x520b]
C  [ucrtbase.dll+0x21bb2]
C  [KERNEL32.DLL+0x17034]
C  [ntdll.dll+0x52651]


siginfo: EXCEPTION_ACCESS_VIOLATION (0xc0000005), reading address 0x0000000000000000


Registers:
RAX=0x00005fb2ef5f40ed, RBX=0x0000000000000000, RCX=0x0000000000000000, RDX=0x0000000000000000
RSP=0x000000fbb9afee10, RBP=0x0000000000000000, RSI=0x000002f86d797000, RDI=0x0000000000000000
R8 =0x0000000000000000, R9 =0x0000000000000000, R10=0x0000000000000000, R11=0x000000fbb9afebc0
R12=0x0000000000000000, R13=0x00007ffb65311b30, R14=0x000002f86beb2b58, R15=0x000000fbb9aff868
RIP=0x00007ffb64f1a6a3, EFLAGS=0x0000000000010256

Top of Stack: (sp=0x000000fbb9afee10)
0x000000fbb9afee10:   000002f86beb8b20 00007ffbc5c43230
0x000000fbb9afee20:   000000fbb9aff868 000002f86beb2b58
0x000000fbb9afee30:   0000000000000000 000000fbb9aff040
0x000000fbb9afee40:   00003c50b05b11ee 00007ffb65311b30
0x000000fbb9afee50:   0000000000000400 000000fbb9aff868
0x000000fbb9afee60:   000002f86beb2b58 00007ffb65311b30
0x000000fbb9afee70:   0000000000000000 00007ffbb1be0000
0x000000fbb9afee80:   00007ffb65583990 0000000000000000
0x000000fbb9afee90:   00007ffb64f18767 00007ffbc5c153dc
0x000000fbb9afeea0:   0000000000000000 00007ffb6538a3c3
0x000000fbb9afeeb0:   00005fb2ef5f40ed 000002f86beb2b58
0x000000fbb9afeec0:   00007ffb00000000 00007ffb65311b30
0x000000fbb9afeed0:   000002f86d797000 000000fbb9afeff0
0x000000fbb9afeee0:   0000000000000000 00007ffb64f188c3
0x000000fbb9afeef0:   00007ffbb1bc0000 00007ffbb1bed0ac
0x000000fbb9afef00:   000000fbb9afeff0 000002f86d797000 

Instructions: (pc=0x00007ffb64f1a6a3)
0x00007ffb64f1a683:   00 48 33 c4 48 89 84 24 a0 00 00 00 48 8b e9 48
0x00007ffb64f1a693:   c7 c3 ff ff ff ff 0f 1f 80 00 00 00 00 48 ff c3
0x00007ffb64f1a6a3:   80 3c 0b 00 75 f7 33 f6 c6 44 24 30 01 40 38 35
0x00007ffb64f1a6b3:   73 07 86 00 74 17 40 38 35 c0 6d 85 00 75 0e 33 



---------------  P R O C E S S  ---------------

Threads class SMR info:
_java_thread_list=0x000002f86beb2660, length=0, elements={
}

Java Threads: ( => current thread )

Other Threads:

[error occurred during error reporting (printing all threads), id 0xc0000005, EXCEPTION_ACCESS_VIOLATION (0xc0000005) at pc=0x00007ffb6546275d]

VM state:not at safepoint (not fully initialized)

VM Mutex/Monitor currently owned by a thread: None


[error occurred during error reporting (printing compressed oops mode), id 0xc0000005, EXCEPTION_ACCESS_VIOLATION (0xc0000005) at pc=0x00007ffb65478c07]

Deoptimization events (0 events):
No events

Classes redefined (0 events):
No events

Internal exceptions (0 events):
No events

Events (0 events):
No events


Dynamic libraries:
0x00007ff66f180000 - 0x00007ff66f18f000 	C:\Program Files\Java\jdk-11.0.10\bin\java.exe
0x00007ffbc8030000 - 0x00007ffbc8225000 	C:\WINDOWS\SYSTEM32\ntdll.dll
0x00007ffbc7b10000 - 0x00007ffbc7bcd000 	C:\WINDOWS\System32\KERNEL32.DLL
0x00007ffbc5c10000 - 0x00007ffbc5ed9000 	C:\WINDOWS\System32\KERNELBASE.dll
0x00007ffbc58d0000 - 0x00007ffbc59d0000 	C:\WINDOWS\System32\ucrtbase.dll
0x00007ffbbff10000 - 0x00007ffbbff28000 	C:\Program Files\Java\jdk-11.0.10\bin\jli.dll
0x00007ffbb8a00000 - 0x00007ffbb8a15000 	C:\Program Files\Java\jdk-11.0.10\bin\VCRUNTIME140.dll
0x00007ffbc70d0000 - 0x00007ffbc717c000 	C:\WINDOWS\System32\ADVAPI32.dll
0x00007ffbc6100000 - 0x00007ffbc619e000 	C:\WINDOWS\System32\msvcrt.dll
0x00007ffbc7030000 - 0x00007ffbc70cb000 	C:\WINDOWS\System32\sechost.dll
0x00007ffbc6a90000 - 0x00007ffbc6bba000 	C:\WINDOWS\System32\RPCRT4.dll
0x00007ffbc7bd0000 - 0x00007ffbc7d70000 	C:\WINDOWS\System32\USER32.dll
0x00007ffbb1c10000 - 0x00007ffbb1eaa000 	C:\WINDOWS\WinSxS\amd64_microsoft.windows.common-controls_6595b64144ccf1df_6.0.19041.1110_none_60b5254171f9507e\COMCTL32.dll
0x00007ffbc6060000 - 0x00007ffbc6082000 	C:\WINDOWS\System32\win32u.dll
0x00007ffbc60d0000 - 0x00007ffbc60fa000 	C:\WINDOWS\System32\GDI32.dll
0x00007ffbc57c0000 - 0x00007ffbc58cb000 	C:\WINDOWS\System32\gdi32full.dll
0x00007ffbc5fc0000 - 0x00007ffbc605d000 	C:\WINDOWS\System32\msvcp_win.dll
0x00007ffbbeeb0000 - 0x00007ffbbeeba000 	C:\WINDOWS\SYSTEM32\VERSION.dll
0x00007ffbc60a0000 - 0x00007ffbc60d0000 	C:\WINDOWS\System32\IMM32.DLL
0x00007ffb772e0000 - 0x00007ffb7737b000 	C:\Program Files\Java\jdk-11.0.10\bin\msvcp140.dll
0x00007ffb64d50000 - 0x00007ffb6584b000 	C:\Program Files\Java\jdk-11.0.10\bin\server\jvm.dll
0x00007ffbc6090000 - 0x00007ffbc6098000 	C:\WINDOWS\System32\PSAPI.DLL
0x00007ffbb0060000 - 0x00007ffbb0087000 	C:\WINDOWS\SYSTEM32\WINMM.dll
0x00007ffbad860000 - 0x00007ffbad869000 	C:\WINDOWS\SYSTEM32\WSOCK32.dll
0x00007ffbc6bc0000 - 0x00007ffbc6c2b000 	C:\WINDOWS\System32\WS2_32.dll
0x00007ffbc3ff0000 - 0x00007ffbc4002000 	C:\WINDOWS\SYSTEM32\kernel.appcore.dll
0x00007ffbc1230000 - 0x00007ffbc1240000 	C:\Program Files\Java\jdk-11.0.10\bin\verify.dll
0x00007ffbc3d10000 - 0x00007ffbc3ef4000 	C:\WINDOWS\SYSTEM32\DBGHELP.DLL
0x00007ffba8ff0000 - 0x00007ffba901c000 	C:\WINDOWS\SYSTEM32\dbgcore.DLL
0x00007ffbc5f30000 - 0x00007ffbc5fb3000 	C:\WINDOWS\System32\bcryptPrimitives.dll
0x00007ffbb1be0000 - 0x00007ffbb1c08000 	C:\Program Files\Java\jdk-11.0.10\bin\java.dll
0x00007ffbc0cd0000 - 0x00007ffbc0cda000 	C:\Program Files\Java\jdk-11.0.10\bin\jimage.dll
0x00007ffbb1bc0000 - 0x00007ffbb1bd6000 	C:\Program Files\Java\jdk-11.0.10\bin\zip.dll

dbghelp: loaded successfully - version: 4.0.5 - missing functions: none
symbol engine: initialized successfully - sym options: 0x614 - pdb path: .;C:\Program Files\Java\jdk-11.0.10\bin;C:\WINDOWS\SYSTEM32;C:\WINDOWS\WinSxS\amd64_microsoft.windows.common-controls_6595b64144ccf1df_6.0.19041.1110_none_60b5254171f9507e;C:\Program Files\Java\jdk-11.0.10\bin\server

VM Arguments:
java_command: c:\Users\kartik\.vscode\extensions\salesforce.salesforce-vscode-slds-1.4.7\lsp-0.0.12-executable.jar --PORT=61897
java_class_path (initial): c:\Users\kartik\.vscode\extensions\salesforce.salesforce-vscode-slds-1.4.7\lsp-0.0.12-executable.jar
Launcher Type: SUN_STANDARD

[Global flags]
     uint G1ConcRefinementThreads                  = 8                                         {product} {ergonomic}
    uintx GCDrainStackTargetSize                   = 64                                        {product} {ergonomic}
   size_t InitialHeapSize                          = 131792192                                 {product} {ergonomic}
   size_t MaxHeapSize                              = 2108675072                                {product} {ergonomic}
    uintx ReservedCodeCacheSize                    = 251658240                              {pd product} {ergonomic}
     bool SegmentedCodeCache                       = true                                      {product} {ergonomic}
     bool UseCompressedClassPointers               = true                                 {lp64_product} {ergonomic}
     bool UseCompressedOops                        = true                                 {lp64_product} {ergonomic}
     bool UseG1GC                                  = true                                      {product} {ergonomic}
     bool UseLargePagesIndividualAllocation        = false                                  {pd product} {ergonomic}

Logging:
Log output configuration:
 #0: stdout all=warning uptime,level,tags
 #1: stderr all=off uptime,level,tags

Environment Variables:
JAVA_HOME=C:\Program Files\Java\jdk-14.0.2
PATH=C:\Program Files\Common Files\Oracle\Java\javapath;C:\Windows\system32;C:\Windows;C:\Windows\System32\Wbem;C:\Windows\System32\WindowsPowerShell\v1.0\;C:\Windows\System32\OpenSSH\;C:\Program Files (x86)\NVIDIA Corporation\PhysX\Common;C:\Program Files\NVIDIA Corporation\NVIDIA NvDLISR;C:\Program Files\Java\jdk-14.0.2\bin;C:\Program Files\nodejs\;C:\WINDOWS\system32;C:\WINDOWS;C:\WINDOWS\System32\Wbem;C:\WINDOWS\System32\WindowsPowerShell\v1.0\;C:\WINDOWS\System32\OpenSSH\;C:\Users\kartik\AppData\Local\Programs\Python\Python38-32;C:\Users\kartik\AppData\Local\Programs\Python\Python38-32\Scripts;C:\Program Files\R\R-4.0.2\bin;C:\Program Files\Git\cmd;C:\Users\kartik\AppData\Local\Microsoft\WindowsApps;C:\Users\kartik\AppData\Local\Programs\Microsoft VS Code\bin;C:\Users\kartik\AppData\Roaming\npm;C:\Users\kartik\AppData\Local\Microsoft\WindowsApps;C:\Users\kartik\AppData\Local\Programs\Python\Python38-32;C:\Users\kartik\AppData\Local\Programs\Python\Python38-32\Scripts;C:\Program Files\R\R-4.0.2\bin;C:\Program Files\Salesforce CLI\bin;C:\Program Files\sfdx\bin;C:\Users\kartik\AppData\Local\GitHubDesktop\bin
USERNAME=kartik
OS=Windows_NT
PROCESSOR_IDENTIFIER=Intel64 Family 6 Model 158 Stepping 10, GenuineIntel



---------------  S Y S T E M  ---------------

OS: Windows 10 , 64 bit Build 19041 (10.0.19041.1151)

CPU:total 8 (initial active 8) 

Memory: 4k page, system-wide physical 8043M (2158M free)
TotalPageFile size 14123M (AvailPageFile size 3819M)
current process WorkingSet (physical memory assigned to process): 8M, peak: 8M
current process commit charge ("private bytes"): 3M, peak: 3M

vm_info: Java HotSpot(TM) 64-Bit Server VM (11.0.10+8-LTS-162) for windows-amd64 JRE (11.0.10+8-LTS-162), built on Dec  8 2020 16:32:57 by "mach5one" with MS VC++ 15.9 (VS2017)

END.
